[0mPOST /api/v1/auth/user/login [33m403[0m 1196.605 ms - 110[0m
[0mPOST /api/v1/admin/users [32m200[0m 671.851 ms - 840[0m
[0mPOST /api/v1/auth/user/login [33m403[0m 232.478 ms - 110[0m
[0mPOST /api/v1/auth/user/login [32m200[0m 822.397 ms - 2748[0m
[0mPOST /api/v1/auth/user/login [32m200[0m 197.575 ms - 2745[0m
[0mPOST /api/v1/auth/user/login [31m500[0m 486.748 ms - 2196[0m
[0mPOST /api/v1/auth/user/login [31m500[0m 928.961 ms - 2196[0m
[0mPOST /api/v1/auth/user/login [33m400[0m 214.667 ms - 42[0m
[0mPOST /api/v1/auth/user/login [31m500[0m 395.612 ms - 2196[0m
[0mPOST /api/v1/auth/user/login [33m400[0m 388.782 ms - 42[0m
[0mPOST /api/v1/auth/user/login [31m500[0m 268.765 ms - 2196[0m
[0mPOST /api/v1/auth/user/login [33m400[0m 246.055 ms - 42[0m
[0mPOST /api/v1/auth/user/login [33m400[0m 296.611 ms - 42[0m
[0mPOST /api/v1/admin/users [31m500[0m 694.990 ms - 5151[0m
[0mPOST /api/v1/admin/users [31m500[0m 610.279 ms - 5151[0m
[0mPOST /api/v1/admin/users [33m404[0m 448.749 ms - 28[0m
[0mPOST /api/v1/admin/factories [31m500[0m 19.453 ms - 135[0m
[0mPOST /api/v1/admin/factories [31m500[0m 4.075 ms - 139[0m
[0mPOST /api/v1/admin/factories [31m500[0m 23.654 ms - 139[0m
[0mPOST /api/v1/admin/factories [31m500[0m 25.176 ms - 139[0m
[0mPOST /api/v1/admin/factories [31m500[0m 6.512 ms - 139[0m
[0mPOST /api/v1/admin/factories [32m200[0m 518.132 ms - 362[0m
[0mPOST /api/v1/admin/users [32m200[0m 601.251 ms - 846[0m
[0mPOST /api/v1/admin/users [33m404[0m 11.394 ms - 29[0m
[0mPOST /api/v1/admin/users [33m404[0m 32.580 ms - 28[0m
[0mGET /api/v1/admin/users?page=1&limit=5&filter%5Border%5D%5Bsort%5D=desc&filter%5Bwhere%5D%5Brole%5D=admin [32m200[0m 401.241 ms - 893[0m
[0mGET /api/v1/admin/users?page=1&limit=5&filter%5Border%5D%5Bsort%5D=desc&filter%5Bwhere%5D%5Brole%5D=admin [32m200[0m 22.639 ms - 893[0m
[0mGET /api/v1/admin/users?page=1&limit=5&filter%5Border%5D%5Bsort%5D=desc&filter%5Bwhere%5D%5Brole%5D=admin [32m200[0m 22.997 ms - 893[0m
[0mGET /api/v1/admin/users?page=1&limit=5&filter%5Border%5D%5Bsort%5D=desc&filter%5Bwhere%5D%5Brole%5D=admin [31m500[0m 191.612 ms - 328[0m
[0mGET /api/v1/admin/users?page=1&limit=5&filter%5Border%5D%5Bsort%5D=desc&filter%5Bwhere%5D%5Brole%5D=admin [31m500[0m 172.820 ms - 328[0m
[0mGET /api/v1/admin/users?page=1&limit=5&filter%5Border%5D%5Bsort%5D=desc&filter%5Bwhere%5D%5Brole%5D=admin [31m500[0m 164.794 ms - 328[0m
[0mGET /api/v1/admin/permissions [31m500[0m 599.010 ms - 328[0m
[0mGET /api/v1/admin/permissions [32m200[0m 574.343 ms - 44[0m
[0mGET /api/v1/admin/users/examiners [32m200[0m 501.894 ms - 36[0m
[0mGET /api/v1/admin/users/personnels [32m200[0m 5.745 ms - 36[0m
[0mGET /api/v1/admin/users/1 [33m404[0m 101.332 ms - 28[0m
[0mGET /api/v1/admin/users?page=1&limit=5&filter%5Border%5D%5Bsort%5D=desc&filter%5Bwhere%5D%5Brole%5D=admin [32m200[0m 61.769 ms - 893[0m
[0mGET /api/v1/admin/users?page=1&limit=5&filter%5Border%5D%5Bsort%5D=desc [32m200[0m 56.120 ms - 893[0m
[0mGET /api/v1/admin/users/3 [32m200[0m 6.787 ms - 847[0m
[0mGET /api/v1/admin/users/personnels [32m200[0m 208.461 ms - 36[0m
[0mGET /api/v1/admin/users?page=1&limit=5&filter%5Border%5D%5Bsort%5D=desc [32m200[0m 15.314 ms - 65[0m
[0mPOST /api/v1/admin/users [33m404[0m 233.085 ms - 158[0m
[0mPOST /api/v1/admin/users [32m200[0m 1164.945 ms - 785[0m
[0mPOST /api/v1/admin/users [33m404[0m 257.430 ms - 28[0m
[0mPOST /api/v1/admin/users [32m200[0m 133.147 ms - 784[0m
[0mPOST /api/v1/admin/personnel6 [33m404[0m 5.342 ms - 163[0m
[0mPOST /api/v1/admin/personnel [33m400[0m 221.238 ms - 48[0m
[0mPOST /api/v1/admin/personnel [33m400[0m 3.586 ms - 39[0m
[0mPOST /api/v1/admin/personnel [33m400[0m 4.024 ms - 45[0m
[0mPOST /api/v1/admin/personnel [33m400[0m 156.554 ms - 47[0m
[0mPOST /api/v1/admin/personnel [33m404[0m 153.064 ms - 28[0m
[0mPOST /api/v1/admin/personnel [31m500[0m 236.831 ms - 41[0m
[0mPOST /api/v1/admin/personnel [31m500[0m 271.827 ms - 41[0m
[0mPOST /api/v1/admin/personnel [31m500[0m 247.169 ms - 3554[0m
[0mPOST /api/v1/admin/personnel [33m400[0m 186.439 ms - 43[0m
[0mPOST /api/v1/admin/personnel [32m200[0m 148.106 ms - 744[0m
[0mGET /api/v1/admin/personnels?page=1&limit=5&filter%5Border%5D%5Bsort%5D=desc [33m404[0m 5.886 ms - 162[0m
[0mGET /api/v1/admin/personnels?page=1&limit=5&filter%5Border%5D%5Bsort%5D=desc [32m200[0m 1081.252 ms - 503[0m
[0mGET /api/v1/admin/personnels?page=1&limit=5&filter%5Border%5D%5Bsort%5D=desc [32m200[0m 178.306 ms - 458[0m
[0mGET /api/v1/admin/users?page=1&limit=5&filter%5Border%5D%5Bsort%5D=desc [32m200[0m 186.542 ms - 583[0m
[0mGET /api/v1/admin/users?page=1&limit=5&filter%5Border%5D%5Bsort%5D=desc [32m200[0m 172.084 ms - 538[0m
[0mGET /api/v1/admin/personnels/1 [32m200[0m 129.306 ms - 786[0m
[0mGET /api/v1/admin/users/3 [32m200[0m 4.069 ms - 745[0m
[0mGET /api/v1/admin/users/3 [32m200[0m 126.420 ms - 175[0m
[0mGET /api/v1/admin/personnels/1 [31m500[0m 4.791 ms - 41[0m
[0mGET /api/v1/admin/personnels/1 [32m200[0m 132.846 ms - 159[0m
[0mGET /api/v1/admin/users/3 [32m200[0m 148.756 ms - 177[0m
[0mGET /api/v1/admin/users/3 [32m200[0m 127.368 ms - 745[0m
[0mGET /api/v1/admin/users?page=1&limit=5&filter%5Border%5D%5Bsort%5D=desc [32m200[0m 248.347 ms - 65[0m
[0mGET /api/v1/admin/users?page=1&limit=5&filter%5Border%5D%5Bsort%5D=desc [31m500[0m 64.004 ms - 1019[0m
[0mGET /api/v1/admin/users?page=1&limit=5&filter%5Border%5D%5Bsort%5D=desc [31m500[0m 246.715 ms - 1019[0m
[0mGET /api/v1/admin/users?page=1&limit=5&filter%5Border%5D%5Bsort%5D=desc [32m200[0m 405.789 ms - 65[0m
[0mPOST /api/v1/admin/users [32m200[0m 510.425 ms - 523[0m
[0mPOST /api/v1/admin/users [32m200[0m 135.580 ms - 522[0m
[0mGET /api/v1/admin/users?page=1&limit=5&filter%5Border%5D%5Bsort%5D=desc [32m200[0m 104.197 ms - 65[0m
[0mGET /api/v1/admin/users?page=1&limit=5&filter%5Border%5D%5Bsort%5D=desc [32m200[0m 71.086 ms - 65[0m
[0mGET /api/v1/admin/users?page=1&limit=5&filter%5Border%5D%5Bsort%5D=desc [32m200[0m 276.897 ms - 65[0m
[0mGET /api/v1/admin/users?page=1&limit=5&filter%5Border%5D%5Bsort%5D=desc [32m200[0m 269.915 ms - 65[0m
[0mGET /api/v1/admin/users/1 [33m404[0m 20.161 ms - 28[0m
[0mGET /api/v1/admin/users/2 [33m404[0m 2.400 ms - 28[0m
[0mGET /api/v1/admin/users/2 [33m404[0m 2.290 ms - 28[0m
[0mGET /api/v1/admin/users/2 [33m404[0m 153.943 ms - 28[0m
[0mGET /api/v1/admin/users/2 [33m404[0m 124.582 ms - 28[0m
[0mGET /api/v1/admin/users/2 [33m404[0m 147.745 ms - 28[0m
[0mGET /api/v1/admin/personnels?page=1&limit=5&filter%5Border%5D%5Bsort%5D=desc [32m200[0m 193.456 ms - 65[0m
[0mGET /api/v1/admin/personnels/1 [31m500[0m 6.052 ms - 41[0m
[0mGET /api/v1/admin/personnels/1 [33m404[0m 123.929 ms - 28[0m
[0mPOST /api/v1/admin/users [33m400[0m 147.486 ms - 48[0m
[0mPOST /api/v1/admin/users [33m400[0m 143.640 ms - 48[0m
[0mPOST /api/v1/admin/users [33m400[0m 205.091 ms - 48[0m
[0mPOST /api/v1/admin/users [33m400[0m 1.685 ms - 48[0m
[0mPOST /api/v1/admin/users [33m400[0m 2.099 ms - 48[0m
[0mPOST /api/v1/admin/users [33m400[0m 1.333 ms - 48[0m
[0mPOST /api/v1/admin/personnels [32m200[0m 160.532 ms - 544[0m
[0mGET /api/v1/admin/personnels?page=1&limit=5&filter%5Border%5D%5Bsort%5D=desc [32m200[0m 176.491 ms - 576[0m
[0mGET /api/v1/admin/personnels/1 [32m200[0m 5.387 ms - 545[0m
[0mGET /api/v1/admin/users?page=1&limit=5&filter%5Border%5D%5Bsort%5D=desc [32m200[0m 71.559 ms - 65[0m
[0mPOST /api/v1/admin/users [32m200[0m 360.869 ms - 522[0m
[0mGET /api/v1/admin/users?page=1&limit=5&filter%5Border%5D%5Bsort%5D=desc [32m200[0m 49.755 ms - 554[0m
[0mGET /api/v1/admin/users/2 [33m404[0m 3.046 ms - 28[0m
[0mGET /api/v1/admin/users/1 [32m200[0m 3.054 ms - 523[0m
[0mDELETE /api/v1/admin/users/1 [32m200[0m 144.123 ms - 523[0m
[0mPOST /api/v1/admin/users [31m500[0m 330.304 ms - 3147[0m
[0mPOST /api/v1/admin/users [32m200[0m 349.503 ms - 522[0m
[0mGET /api/v1/admin/users?page=1&limit=5&filter%5Border%5D%5Bsort%5D=desc [32m200[0m 320.123 ms - 65[0m
[0mPOST /api/v1/admin/users [32m200[0m 367.462 ms - 523[0m
[0mPOST /api/v1/admin/users [32m200[0m 127.667 ms - 522[0m
[0mGET /api/v1/admin/users?page=1&limit=5&filter%5Border%5D%5Bsort%5D=desc [32m200[0m 70.287 ms - 1045[0m
[0mPUT /api/v1/admin/users/1 [33m404[0m 5.922 ms - 159[0m
[0mPUT /api/v1/admin/users/1 [33m400[0m 153.494 ms - 48[0m
[0mPUT /api/v1/admin/users/1 [31m500[0m 144.179 ms - 41[0m
[0mPUT /api/v1/admin/users/1 [33m400[0m 211.036 ms - 70[0m
[0mPUT /api/v1/admin/users/1 [31m500[0m 219.642 ms - 41[0m
[0mPUT /api/v1/admin/users/1 [32m200[0m 222.682 ms - 523[0m
[0mPUT /api/v1/admin/users/1 [32m200[0m 3.253 ms - 523[0m
[0mPUT /api/v1/admin/users/1 [32m200[0m 225.227 ms - 523[0m
[0mPUT /api/v1/admin/users/1 [32m200[0m 244.291 ms - 523[0m
[0mPUT /api/v1/admin/users/1 [32m200[0m 225.799 ms - 523[0m
[0mPUT /api/v1/admin/users/1 [32m200[0m 227.351 ms - 523[0m
[0mPUT /api/v1/admin/users/1 [32m200[0m 251.370 ms - 523[0m
[0mPUT /api/v1/admin/users/1 [32m200[0m 19.577 ms - 521[0m
[0mPUT /api/v1/admin/users/1 [32m200[0m 11.162 ms - 523[0m
[0mPUT /api/v1/admin/personnels/1 [33m404[0m 3.008 ms - 164[0m
[0mPUT /api/v1/admin/personnels/1 [33m404[0m 0.918 ms - 164[0m
[0mPUT /api/v1/admin/personnels/1 [33m404[0m 10.596 ms - 164[0m
[0mPUT /api/v1/admin/personnels/1 [33m400[0m 185.349 ms - 47[0m
[0mPUT /api/v1/admin/personnels/1 [33m404[0m 90.921 ms - 28[0m
[0mGET /api/v1/admin/personnels?page=1&limit=5&filter%5Border%5D%5Bsort%5D=desc [32m200[0m 16.174 ms - 65[0m
[0mGET /api/v1/admin/personnels?page=1&limit=5&filter%5Border%5D%5Bsort%5D=desc [32m200[0m 6.451 ms - 65[0m
[0mPOST /api/v1/admin/users [33m404[0m 5.460 ms - 29[0m
[0mGET /api/v1/admin/users/1 [32m200[0m 2.677 ms - 524[0m
[0mGET /api/v1/admin/personnels/1 [33m404[0m 2.127 ms - 28[0m
[0mGET /api/v1/admin/personnels?page=1&limit=5&filter%5Border%5D%5Bsort%5D=desc [32m200[0m 7.686 ms - 65[0m
[0mPOST /api/v1/admin/personnels [32m200[0m 26.337 ms - 544[0m
[0mGET /api/v1/admin/personnels?page=1&limit=5&filter%5Border%5D%5Bsort%5D=desc [32m200[0m 9.011 ms - 576[0m
[0mGET /api/v1/admin/personnels/1 [32m200[0m 2.188 ms - 545[0m
[0mPUT /api/v1/admin/personnels/1 [32m200[0m 50.609 ms - 541[0m
[0mPUT /api/v1/admin/personnels/1 [33m404[0m 221.082 ms - 28[0m
[0mPUT /api/v1/admin/personnels/1 [32m200[0m 15.448 ms - 544[0m
[0mPUT /api/v1/admin/personnels/1 [32m200[0m 237.519 ms - 544[0m
[0mGET /api/v1/admin/personnels?page=1&limit=5&filter%5Border%5D%5Bsort%5D=desc [32m200[0m 313.282 ms - 65[0m
[0mPOST /api/v1/admin/personnels [32m200[0m 327.233 ms - 544[0m
[0mGET /api/v1/admin/personnels?page=1&limit=5&filter%5Border%5D%5Bsort%5D=desc [32m200[0m 249.458 ms - 65[0m
[0mGET /api/v1/admin/personnels?page=1&limit=5&filter%5Border%5D%5Bsort%5D=desc [32m200[0m 216.305 ms - 65[0m
[0mPOST /api/v1/admin/personnels [32m200[0m 110.761 ms - 544[0m
[0mGET /api/v1/admin/personnels?page=1&limit=5&filter%5Border%5D%5Bsort%5D=desc [32m200[0m 231.519 ms - 65[0m
[0mPOST /api/v1/admin/personnels [32m200[0m 277.595 ms - 529[0m
[0mGET /api/v1/admin/personnels?page=1&limit=5&filter%5Border%5D%5Bsort%5D=desc [32m200[0m 56.656 ms - 561[0m
[0mGET /api/v1/admin/permissions [32m200[0m 154.403 ms - 44[0m
[0mGET /api/v1/admin/permissions [32m200[0m 1.700 ms - 44[0m
[0mGET /api/v1/admin/permissions [32m200[0m 1.369 ms - 44[0m
[0mPOST /api/v1/admin/permissions [33m404[0m 1.670 ms - 164[0m
[0mPOST /api/v1/admin/permissions [33m404[0m 11.621 ms - 164[0m
[0mPUT /api/v1/admin/suggestions/1 [31m500[0m 10.984 ms - 41[0m
[0mGET /api/v1/admin/roles [32m200[0m 147.219 ms - 36[0m
[0mGET /api/v1/admin/roles [32m200[0m 1.200 ms - 36[0m
[0mPOST /api/v1/admin/roles [32m200[0m 110.480 ms - 184[0m
[0mGET /api/v1/admin/permissions [32m200[0m 1.824 ms - 44[0m
[0mGET /api/v1/admin/permissions [32m200[0m 1.117 ms - 44[0m
[0mGET /api/v1/admin/roles [32m200[0m 1.063 ms - 54[0m
[0mPOST /api/v1/admin/roles [33m404[0m 4.768 ms - 29[0m
[0mPOST /api/v1/admin/roles [33m400[0m 5.212 ms - 50[0m
[0mPOST /api/v1/admin/roles [31m500[0m 195.128 ms - 41[0m
[0mPOST /api/v1/admin/roles [31m500[0m 218.226 ms - 41[0m
[0mPOST /api/v1/admin/roles [33m404[0m 267.814 ms - 29[0m
[0mPOST /api/v1/admin/roles [33m400[0m 5.254 ms - 50[0m
[0mDELETE /api/v1/admin/roles/%D8%A7%D8%B1%D8%AA%D8%A8%D8%A7%D8%B7%D8%A7%D8%AA [32m200[0m 70.499 ms - 13[0m
[0mDELETE /api/v1/admin/roles/%D8%A7%D8%B1%D8%AA%D8%A8%D8%A7%D8%B7%D8%A7%D8%AA [32m200[0m 2.808 ms - 14[0m
[0mPOST /api/v1/admin/roles [33m404[0m 4.951 ms - 29[0m
[0mPOST /api/v1/admin/roles [33m404[0m 284.855 ms - 29[0m
[0mDELETE /api/v1/admin/roles/%D8%A7%D8%B1%D8%AA%D8%A8%D8%A7%D8%B7%D8%A7%D8%AA [32m200[0m 55.877 ms - 14[0m
[0mGET /api/v1/admin/roles [32m200[0m 2.167 ms - 36[0m
[0mPUT /api/v1/admin/roles [32m200[0m 113.788 ms - 184[0m
[0mGET /api/v1/admin/roles [32m200[0m 192.987 ms - 54[0m
[0mPOST /api/v1/admin/roles [33m404[0m 115.660 ms - 29[0m
[0mGET /api/v1/admin/roles [32m200[0m 1.096 ms - 54[0m
[0mPOST /api/v1/admin/roles [32m200[0m 27.962 ms - 405[0m
[0mGET /api/v1/admin/roles [32m200[0m 1.390 ms - 67[0m
[0mPOST /api/v1/admin/roles [32m200[0m 46.849 ms - 812[0m
[0mPOST /api/v1/admin/roles [32m200[0m 17.874 ms - 422[0m
[0mPOST /api/v1/admin/roles [32m200[0m 14.037 ms - 819[0m
[0mGET /api/v1/admin/roles [32m200[0m 1.435 ms - 106[0m
[0mGET /api/v1/admin/permissions [32m200[0m 1.961 ms - 44[0m
[0mPOST /api/v1/admin/users [32m200[0m 87.842 ms - 528[0m
[0mPOST /api/v1/auth/user/login [31m500[0m 4.116 ms - 40[0m
[0mPOST /api/v1/auth/user/login [32m200[0m 415.032 ms - 931[0m
[0mGET /api/v1/admin/factories [32m200[0m 8.987 ms - 249[0m
[0mGET /api/v1/admin/factories [33m401[0m 265.808 ms - 12[0m
[0mGET /api/v1/admin/factories [33m401[0m 180.832 ms - 12[0m
[0mGET /api/v1/admin/factories/1 [32m200[0m 289.662 ms - 247[0m
[0mGET /api/v1/admin/factories/1 [33m401[0m 3.381 ms - 12[0m
[0mPOST /api/v1/admin/factories [33m401[0m 1.527 ms - 12[0m
[0mGET /api/v1/admin/suggestions?page=1&limit=5&filter%5Border%5D%5Bsort%5D=desc [33m401[0m 1.305 ms - 12[0m
[0mGET /api/v1/admin/suggestions?page=1&limit=5&filter%5Border%5D%5Bsort%5D=desc [33m401[0m 2.326 ms - 12[0m
[0mGET /api/v1/admin/suggestions?page=1&limit=5&filter%5Border%5D%5Bsort%5D=desc [33m401[0m 3.719 ms - 12[0m
[0mPOST /api/v1/admin/personnels [33m401[0m 0.430 ms - 12[0m
[0mPOST /api/v1/admin/personnels [33m401[0m 3.075 ms - 12[0m
[0mPOST /api/v1/admin/personnels [33m401[0m 278.519 ms - 12[0m
[0mPOST /api/v1/admin/personnels [33m401[0m 329.314 ms - 12[0m
[0mPOST /api/v1/admin/personnels [33m401[0m 276.078 ms - 12[0m
[0mPOST /api/v1/admin/personnels [33m401[0m 270.260 ms - 12[0m
[0mPOST /api/v1/admin/personnels [33m401[0m 287.875 ms - 12[0m
[0mPOST /api/v1/admin/personnels [33m401[0m 264.098 ms - 12[0m
[0mPOST /api/v1/admin/personnels [33m401[0m 263.256 ms - 12[0m
[0mPOST /api/v1/admin/personnels [33m401[0m 274.081 ms - 12[0m
[0mGET /api/v1/admin/users?page=1&limit=5&filter%5Border%5D%5Bsort%5D=desc [33m401[0m 164.682 ms - 12[0m
[0mGET /api/v1/admin/users?page=1&limit=5&filter%5Border%5D%5Bsort%5D=desc [32m200[0m 308.316 ms - 65[0m
[0mPOST /api/v1/admin/users [33m400[0m 199.822 ms - 37[0m
[0mPOST /api/v1/admin/users [32m200[0m 185.505 ms - 524[0m
[0mPOST /api/v1/admin/users [33m400[0m 2.063 ms - 37[0m
[0mPOST /api/v1/admin/users [33m400[0m 2.317 ms - 37[0m
[0mGET /api/v1/admin/users?page=1&limit=5&filter%5Border%5D%5Bsort%5D=desc [32m200[0m 293.267 ms - 65[0m
[0mPOST /api/v1/admin/users [33m400[0m 198.348 ms - 37[0m
[0mPOST /api/v1/admin/users [33m400[0m 3.006 ms - 37[0m
[0mPOST /api/v1/admin/users [33m400[0m 1.867 ms - 37[0m
[0mPOST /api/v1/admin/users [33m400[0m 205.624 ms - 37[0m
[0mPOST /api/v1/admin/users [33m400[0m 182.328 ms - 37[0m
[0mPOST /api/v1/admin/users [33m400[0m 193.462 ms - 37[0m
[0mPOST /api/v1/admin/users [33m400[0m 217.494 ms - 37[0m
[0mPOST /api/v1/admin/users [33m400[0m 180.866 ms - 37[0m
[0mPOST /api/v1/admin/users [33m400[0m 188.033 ms - 37[0m
[0mPOST /api/v1/admin/users [33m400[0m 2.136 ms - 37[0m
[0mPOST /api/v1/admin/users [33m400[0m 1.656 ms - 41[0m
[0mPOST /api/v1/admin/users [33m400[0m 1.499 ms - 41[0m
[0mPOST /api/v1/admin/users [33m400[0m 1.408 ms - 41[0m
[0mPOST /api/v1/admin/users [33m400[0m 1.267 ms - 37[0m
[0mPOST /api/v1/admin/users [33m400[0m 2.185 ms - 37[0m
[0mPOST /api/v1/admin/users [33m400[0m 1.353 ms - 37[0m
[0mPOST /api/v1/admin/users [31m500[0m 175.728 ms - 41[0m
[0mPOST /api/v1/admin/users [33m400[0m 181.116 ms - 37[0m
[0mPOST /api/v1/admin/users [33m400[0m 1.911 ms - 37[0m
[0mPOST /api/v1/admin/users [33m400[0m 194.460 ms - 37[0m
[0mPOST /api/v1/admin/users [33m400[0m 1721.734 ms - 37[0m
[0mPOST /api/v1/admin/users [33m400[0m 4.386 ms - 41[0m
[0mPOST /api/v1/admin/users [33m400[0m 3.314 ms - 37[0m
[0mPOST /api/v1/admin/users [33m400[0m 338.708 ms - 37[0m
[0mPOST /api/v1/admin/users [33m400[0m 3.436 ms - 37[0m
[0mPOST /api/v1/admin/users [33m400[0m 2.954 ms - 37[0m
[0mPOST /api/v1/admin/users [33m400[0m 346.376 ms - 42[0m
[0mPOST /api/v1/admin/users [33m400[0m 356.669 ms - 37[0m
[0mPOST /api/v1/admin/users [33m400[0m 362.329 ms - 37[0m
[0mPOST /api/v1/admin/users [33m400[0m 4.851 ms - 37[0m
[0mGET /api/v1/admin/users [32m200[0m 228.111 ms - 36[0m
[0mGET /api/v1/admin/users?page=1&limit=5&filter[order][sort]=desc [32m200[0m 105.385 ms - 65[0m
[0mGET /api/v1/admin/users [32m200[0m 6.631 ms - 36[0m
[0mGET /api/v1/admin/users [32m200[0m 7.887 ms - 36[0m
[0mGET /api/v1/admin/users [32m200[0m 1293.118 ms - 36[0m
[0mGET /api/v1/admin/users [32m200[0m 266.774 ms - 36[0m
[0mGET /api/v1/admin/users?page=1&limit=5&filter[order][sort]=desc [32m200[0m 90.602 ms - 65[0m
[0mGET /api/v1/admin/users [32m200[0m 9.979 ms - 36[0m
[0mPOST /api/v1/admin/users [33m400[0m 271.946 ms - 37[0m
[0mPOST /api/v1/admin/users [33m400[0m 3.535 ms - 37[0m
[0mPOST /api/v1/admin/users [33m400[0m 3.266 ms - 37[0m
[0mPOST /api/v1/admin/users [33m400[0m 338.689 ms - 37[0m
[0mPOST /api/v1/admin/users [33m400[0m 340.066 ms - 37[0m
[0mPOST /api/v1/admin/users [33m400[0m 330.799 ms - 37[0m
[0mPOST /api/v1/admin/users [33m400[0m 346.296 ms - 37[0m
[0mPOST /api/v1/admin/users [33m400[0m 338.987 ms - 37[0m
[0mPOST /api/v1/admin/users [33m400[0m 328.748 ms - 37[0m
[0mPOST /api/v1/admin/users [33m400[0m 339.198 ms - 37[0m
[0mPOST /api/v1/admin/users [33m400[0m 337.332 ms - 47[0m
[0mPOST /api/v1/admin/users [33m400[0m 345.758 ms - 37[0m
[0mPOST /api/v1/admin/users [33m400[0m 340.554 ms - 47[0m
[0mPOST /api/v1/admin/users [32m200[0m 713.825 ms - 530[0m
[0mPOST /api/v1/admin/users [33m400[0m 7.119 ms - 39[0m
[0mPOST /api/v1/admin/users [33m404[0m 459.929 ms - 28[0m
[0mPOST /api/v1/admin/users [32m200[0m 145.016 ms - 534[0m
[0mPOST /api/v1/admin/users [32m200[0m 175.850 ms - 532[0m
[0mGET /api/v1/admin/users?page=1&limit=5&filter[order][sort]=desc [32m200[0m 26.560 ms - 1564[0m
[0mGET /api/v1/admin/users?page=1&limit=5&filter%5Border%5D%5Bsort%5D=desc [32m200[0m 14.594 ms - 1564[0m
[0mPOST /api/v1/auth/user/login [32m200[0m 132.495 ms - 922[0m
[0mGET /api/v1/admin/suggestions?page=1&limit=5&filter%5Border%5D%5Bsort%5D=desc [32m200[0m 33.864 ms - 65[0m
[0mGET /api/v1/admin/suggestions?page=1&limit=5&filter%5Border%5D%5Bsort%5D=desc [32m200[0m 612.154 ms - 65[0m
[0mGET /api/v1/admin/suggestions?page=1&limit=5&filter%5Border%5D%5Bsort%5D=desc [33m401[0m 28.937 ms - 12[0m
[0mGET /api/v1/admin/suggestions?page=1&limit=5&filter%5Border%5D%5Bsort%5D=desc [33m401[0m 2.451 ms - 12[0m
[0mGET /api/v1/admin/suggestions?page=1&limit=5&filter%5Border%5D%5Bsort%5D=desc [32m200[0m 29.397 ms - 65[0m
[0mGET /api/v1/admin/suggestions?page=1&limit=5&filter%5Border%5D%5Bsort%5D=desc [32m200[0m 592.639 ms - 65[0m
[0mGET /api/v1/admin/suggestions?page=1&limit=5&filter%5Border%5D%5Bsort%5D=desc [32m200[0m 611.110 ms - 65[0m
[0mGET /api/v1/admin/suggestions?page=1&limit=5&filter%5Border%5D%5Bsort%5D=desc [32m200[0m 682.819 ms - 65[0m
[0mGET /api/v1/admin/suggestions?page=1&limit=5&filter%5Border%5D%5Bsort%5D=desc [32m200[0m 595.373 ms - 65[0m
[0mGET /api/v1/admin/suggestions?page=1&limit=5&filter%5Border%5D%5Bsort%5D=desc [33m403[0m 491.865 ms - 9[0m
[0mGET /api/v1/admin/users?page=1&limit=5&filter%5Border%5D%5Bsort%5D=desc [33m401[0m 2.390 ms - 17[0m
[0mGET /api/v1/admin/users?page=1&limit=5&filter%5Border%5D%5Bsort%5D=desc [32m200[0m 130.578 ms - 1564[0m
[0mGET /api/v1/admin/users?page=1&limit=5&filter%5Border%5D%5Bsort%5D=desc [33m401[0m 1.534 ms - 17[0m
[0mGET /api/v1/admin/users?page=1&limit=5&filter%5Border%5D%5Bsort%5D=desc [32m200[0m 20.161 ms - 1564[0m
[0mGET /api/v1/admin/roles [33m401[0m 8.435 ms - 17[0m
[0mGET /api/v1/admin/my-personnels?page=1&limit=5&filter%5Border%5D%5Bsort%5D=desc [32m200[0m 333.040 ms - 65[0m
[0mPOST /api/v1/auth/user/login [32m200[0m 613.714 ms - 935[0m
[0mGET /api/v1/admin/my-personnels?page=1&limit=5&filter%5Border%5D%5Bsort%5D=desc [33m403[0m 484.809 ms - 9[0m
[0mGET /api/v1/admin/my-personnels?page=1&limit=5&filter%5Border%5D%5Bsort%5D=desc [33m403[0m 481.992 ms - 9[0m
[0mGET /api/v1/admin/permissions [33m403[0m 26.424 ms - 9[0m
[0mGET /api/v1/admin/roles [33m401[0m 2.022 ms - 17[0m
[0mGET /api/v1/admin/roles [33m401[0m 8.718 ms - 17[0m
[0mGET /api/v1/admin/roles [32m200[0m 327.622 ms - 106[0m
[0mGET /api/v1/admin/my-personnels?page=1&limit=5&filter%5Border%5D%5Bsort%5D=desc [33m403[0m 197.929 ms - 9[0m
[0mGET /api/v1/admin/my-personnels?page=1&limit=5&filter%5Border%5D%5Bsort%5D=desc [32m200[0m 324.257 ms - 65[0m
[0mGET /api/v1/admin/my-personnels?page=1&limit=5&filter%5Border%5D%5Bsort%5D=desc [33m403[0m 469.432 ms - 9[0m
[0mGET /api/v1/admin/my-personnels?page=1&limit=5&filter%5Border%5D%5Bsort%5D=desc [33m403[0m 476.408 ms - 9[0m
[0mGET /api/v1/admin/my-personnels?page=1&limit=5&filter%5Border%5D%5Bsort%5D=desc [32m200[0m 563.209 ms - 65[0m
[0mPOST /api/v1/auth/user/login [31m500[0m 1160.510 ms - 1509[0m
[0mPOST /api/v1/auth/user/login [31m500[0m 283.831 ms - 1107[0m
[0mPOST /api/v1/auth/user/login [31m500[0m 12.173 ms - 1107[0m
[0mGET /api/v1/admin/personnels?page=1&limit=5&filter%5Border%5D%5Bsort%5D=desc [33m401[0m 273.935 ms - 12[0m
[0mGET /api/v1/admin/personnels?page=1&limit=5&filter%5Border%5D%5Bsort%5D=desc [32m200[0m 433.324 ms - 65[0m
[0mPOST /api/v1/auth/user/login [31m500[0m 73.728 ms - 1107[0m
[0mPOST /api/v1/admin/users [33m404[0m 209.401 ms - 28[0m
[0mPOST /api/v1/admin/factories [33m401[0m 2.168 ms - 12[0m
[0mPOST /api/v1/admin/factories [33m400[0m 84.429 ms - 47[0m
[0mPOST /api/v1/admin/factories [31m500[0m 1858.779 ms - 41[0m
[0mPOST /api/v1/admin/factories [32m200[0m 322.595 ms - 246[0m
[0mPOST /api/v1/admin/factories [33m400[0m 171.392 ms - 39[0m
[0mPOST /api/v1/admin/factories [32m200[0m 15.390 ms - 245[0m
[0mPOST /api/v1/admin/factories [33m400[0m 2.496 ms - 39[0m
[0mPOST /api/v1/admin/factories [33m404[0m 4.979 ms - 29[0m
[0mPOST /api/v1/admin/factories [32m200[0m 15.379 ms - 248[0m
[0mPOST /api/v1/admin/factories [32m200[0m 1536.678 ms - 248[0m
[0mPOST /api/v1/admin/factories [32m200[0m 13.135 ms - 248[0m
[0mPOST /api/v1/admin/factories [32m200[0m 11.769 ms - 248[0m
[0mPOST /api/v1/admin/factories [32m200[0m 271.609 ms - 248[0m
[0mPOST /api/v1/admin/factories [32m200[0m 260.425 ms - 248[0m
[0mPOST /api/v1/admin/factories [32m200[0m 13.197 ms - 248[0m
[0mPOST /api/v1/admin/factories [32m200[0m 11.413 ms - 249[0m
[0mPOST /api/v1/admin/factories [33m404[0m 287.510 ms - 29[0m
[0mPOST /api/v1/admin/factories [32m200[0m 27.005 ms - 250[0m
[0mPOST /api/v1/admin/factories [33m404[0m 5.189 ms - 29[0m
[0mPOST /api/v1/admin/factories [32m200[0m 307.616 ms - 250[0m
[0mPOST /api/v1/admin/factories [32m200[0m 13.570 ms - 250[0m
[0mPOST /api/v1/admin/factories [32m200[0m 12.593 ms - 250[0m
[0mPOST /api/v1/admin/factories [31m500[0m 250.880 ms - 41[0m
[0mPOST /api/v1/admin/factories [32m200[0m 256.408 ms - 250[0m
[0mPOST /api/v1/admin/factories [32m200[0m 12.776 ms - 250[0m
[0mPOST /api/v1/admin/factories [31m500[0m 26.311 ms - 41[0m
[0mPOST /api/v1/admin/factories [32m200[0m 284.369 ms - 250[0m
[0mPOST /api/v1/admin/factories [32m200[0m 300.508 ms - 250[0m
[0mPOST /api/v1/admin/factories [32m200[0m 269.209 ms - 250[0m
[0mPOST /api/v1/admin/factories [33m404[0m 260.245 ms - 29[0m
[0mPOST /api/v1/admin/factories [33m404[0m 275.986 ms - 29[0m
[0mPOST /api/v1/admin/factories [33m404[0m 10.816 ms - 29[0m
[0mPOST /api/v1/admin/factories [32m200[0m 21.658 ms - 251[0m
[0mPOST /api/v1/admin/factories [33m404[0m 5.340 ms - 29[0m
[0mGET /api/v1/admin/factories [33m401[0m 289.026 ms - 12[0m
[0mGET /api/v1/admin/factories [32m200[0m 282.773 ms - 4372[0m
[0mGET /api/v1/admin/factories [32m200[0m 372.964 ms - 36[0m
[0mGET /api/v1/admin/factories [33m401[0m 258.234 ms - 12[0m
[0mGET /api/v1/admin/factories [32m200[0m 240.310 ms - 36[0m
[0mGET /api/v1/admin/factories [32m200[0m 248.879 ms - 36[0m
[0mGET /api/v1/admin/factories [32m200[0m 8.120 ms - 36[0m
[0mGET /api/v1/admin/factories [32m200[0m 237.326 ms - 461[0m
[0mPOST /api/v1/admin/factories [31m500[0m 277.786 ms - 2263[0m
[0mPOST /api/v1/admin/factories [31m500[0m 293.469 ms - 2263[0m
[0mDELETE /api/v1/admin/factories/2 [33m401[0m 249.724 ms - 12[0m
[0mDELETE /api/v1/admin/factories/2 [32m200[0m 246.542 ms - 247[0m
[0mDELETE /api/v1/admin/factories/8 [33m404[0m 249.246 ms - 28[0m
[0mDELETE /api/v1/admin/factories/2 [33m404[0m 6.039 ms - 28[0m
[0mDELETE /api/v1/admin/factories/2 [33m404[0m 3.598 ms - 28[0m
[0mGET /api/v1/admin/factories [33m401[0m 156.426 ms - 12[0m
[0mGET /api/v1/admin/factories [33m401[0m 252.155 ms - 12[0m
[0mGET /api/v1/admin/factories [32m200[0m 258.511 ms - 247[0m
[0mGET /api/v1/admin/factories/1 [32m200[0m 235.656 ms - 245[0m
[0mGET /api/v1/admin/factories/1? [32m200[0m 20.672 ms - 245[0m
[0mGET /api/v1/admin/factories/1? [32m200[0m 4.886 ms - 245[0m
[0mGET /api/v1/admin/factories/1 [32m200[0m 5.400 ms - 245[0m
[0mGET /api/v1/admin/factories/1 [32m200[0m 4.133 ms - 245[0m
[0mGET /api/v1/admin/factories/1? [32m200[0m 265.229 ms - 245[0m
[0mGET /api/v1/admin/factories/1? [32m200[0m 6.803 ms - 245[0m
[0mGET /api/v1/admin/factories/1? [32m200[0m 270.739 ms - 245[0m
[0mPUT /api/v1/admin/factories/1? [32m200[0m 271.476 ms - 244[0m
[0mGET /api/v1/admin/factories/1 [32m200[0m 7.826 ms - 245[0m
[0mGET /api/v1/admin/users?page=1&limit=5&filter[order][sort]=desc [32m200[0m 334.189 ms - 1411[0m
[0mGET /api/v1/admin/users?page=1&limit=5&filter[order][sort]=desc [32m200[0m 425.702 ms - 65[0m
[0mGET /api/v1/admin/users?page=1&limit=5&filter[order][sort]=desc [32m200[0m 308.141 ms - 1564[0m
[0mGET /api/v1/admin/users?page=1&limit=5&filter[order][sort]=desc [32m200[0m 461.916 ms - 65[0m
[0mGET /api/v1/admin/users?page=1&limit=5&filter[order][sort]=desc [32m200[0m 76.652 ms - 65[0m
[0mGET /api/v1/admin/users?page=1&limit=5&filter[order][sort]=desc [32m200[0m 71.484 ms - 65[0m
[0mGET /api/v1/admin/users?page=1&limit=5&filter[order][sort]=desc [32m200[0m 97.194 ms - 65[0m
[0mGET /api/v1/admin/users?page=1&limit=5&filter[order][sort]=desc [32m200[0m 134.813 ms - 65[0m
[0mGET /api/v1/admin/users?page=1&limit=5&filter[order][sort]=desc [32m200[0m 466.357 ms - 65[0m
[0mGET /api/v1/admin/users?page=1&limit=5&filter[order][sort]=desc [32m200[0m 93.315 ms - 65[0m
[0mGET /api/v1/admin/users?page=1&limit=5&filter[order][sort]=desc [32m200[0m 89.805 ms - 65[0m
[0mGET /api/v1/admin/users?page=1&limit=5&filter[order][sort]=desc [32m200[0m 324.309 ms - 65[0m
[0mGET /api/v1/admin/users?page=1&limit=5&filter[order][sort]=desc [32m200[0m 24.671 ms - 1546[0m
[0mGET /api/v1/admin/users?page=1&limit=5&filter[order][sort]=desc [32m200[0m 300.887 ms - 2530[0m
[0mGET /api/v1/admin/users?page=1&limit=5&filter[order][sort]=desc [32m200[0m 23.591 ms - 2530[0m
[0mGET /api/v1/admin/users?page=1&limit=5&filter[order][sort]=desc [32m200[0m 471.393 ms - 65[0m
[0mGET /api/v1/admin/users?page=1&limit=5&filter[order][sort]=desc [32m200[0m 317.686 ms - 1537[0m
[0mPOST /api/v1/admin/users [33m404[0m 351.792 ms - 28[0m
[0mPOST /api/v1/admin/users [31m500[0m 145.553 ms - 3318[0m
[0mPOST /api/v1/admin/users [31m500[0m 567.580 ms - 3318[0m
[0mPOST /api/v1/admin/users [33m400[0m 277.207 ms - 49[0m
[0mPOST /api/v1/admin/users [31m500[0m 323.943 ms - 3318[0m
[0mPOST /api/v1/admin/users [32m200[0m 533.906 ms - 526[0m
[0mPOST /api/v1/admin/users [33m404[0m 450.615 ms - 29[0m
[0mPOST /api/v1/admin/users [32m200[0m 160.617 ms - 526[0m
[0mPOST /api/v1/admin/users [31m500[0m 424.308 ms - 41[0m
[0mPOST /api/v1/admin/users [32m200[0m 571.343 ms - 526[0m
[0mPOST /api/v1/admin/users [32m200[0m 531.145 ms - 523[0m
[0mGET /api/v1/admin/users?page=1&limit=5&filter[order][sort]=desc [32m200[0m 316.517 ms - 2528[0m
[0mGET /api/v1/admin/users?page=1&limit=5&filter[order][sort]=desc [32m200[0m 445.659 ms - 65[0m
[0mGET /api/v1/admin/users?page=1&limit=5&filter[order][sort]=desc [32m200[0m 331.079 ms - 1537[0m
[0mGET /api/v1/admin/users/1 [33m401[0m 248.276 ms - 12[0m
[0mGET /api/v1/admin/users/1 [33m401[0m 258.761 ms - 12[0m
[0mGET /api/v1/admin/users/1 [33m401[0m 2.395 ms - 12[0m
[0mGET /api/v1/admin/users/1 [32m200[0m 237.645 ms - 522[0m
[0mPUT /api/v1/admin/users/1? [32m200[0m 265.980 ms - 522[0m
[0mPUT /api/v1/admin/users/1? [32m200[0m 55.659 ms - 522[0m
[0mDELETE /api/v1/admin/users/2 [32m200[0m 14.137 ms - 526[0m
[0mGET /api/v1/admin/personnels?page=1&limit=5&filter[order][sort]=desc [32m200[0m 309.164 ms - 65[0m
[0mGET /api/v1/admin/personnels?page=1&limit=5&filter[order][sort]=desc [32m200[0m 15.003 ms - 65[0m
[0mGET /api/v1/admin/users?page=1&limit=5&filter[order][sort]=desc [33m401[0m 170.482 ms - 12[0m
[0mPOST /api/v1/admin/users [33m401[0m 2.571 ms - 12[0m
[0mGET /api/v1/admin/personnels?page=1&limit=5&filter[order][sort]=desc [32m200[0m 11.050 ms - 65[0m
[0mPOST /api/v1/admin/personnels [32m200[0m 47.889 ms - 533[0m
[0mGET /api/v1/admin/personnels?page=1&limit=5&filter[order][sort]=desc [32m200[0m 13.581 ms - 565[0m
[0mGET /api/v1/admin/personnels?page=1&limit=5&filter[order][sort]=desc [32m200[0m 304.286 ms - 1062[0m
[0mGET /api/v1/admin/personnels?page=1&limit=5&filter[order][sort]=desc [32m200[0m 31.689 ms - 1559[0m
[0mGET /api/v1/admin/personnels?page=1&limit=5&filter[order][sort]=desc [32m200[0m 17.656 ms - 2056[0m
[0mPUT /api/v1/admin/personnels/2? [32m200[0m 238.113 ms - 533[0m
[0mPUT /api/v1/admin/personnels/2? [32m200[0m 13.975 ms - 533[0m
[0mGET /api/v1/admin/personnels/2 [32m200[0m 6.037 ms - 534[0m
[0mDELETE /api/v1/admin/personnels/2 [32m200[0m 9.714 ms - 534[0m
[0mGET /api/v1/admin/personnels?page=1&limit=5&filter[order][sort]=desc [32m200[0m 11.988 ms - 1555[0m
[0mGET /api/v1/admin/personnels/2 [33m404[0m 4.011 ms - 28[0m
[0mGET /api/v1/admin/personnels/4 [32m200[0m 3.646 ms - 530[0m
[0mPOST /api/v1/admin/factories [33m401[0m 259.859 ms - 12[0m
[0mPOST /api/v1/admin/factories [32m200[0m 600.775 ms - 249[0m
[0mPOST /api/v1/admin/cases [33m404[0m 13.124 ms - 158[0m
[0mGET /api/v1/admin/cases [32m200[0m 267.149 ms - 499[0m
[0mGET /api/v1/admin/factories [33m401[0m 171.099 ms - 12[0m
[0mGET /api/v1/admin/factories [32m200[0m 258.066 ms - 464[0m
[0mGET /api/v1/admin/cases/1 [33m404[0m 10.582 ms - 159[0m
[0mGET /api/v1/admin/cases/byFactoryName?page=1&limit=5&filter[order][sort]=desc&filter[where][factoryName]=factoryName200 [33m404[0m 236.196 ms - 28[0m
[0mGET /api/v1/admin/cases/byFactoryName?page=1&limit=5&filter[order][sort]=desc&filter[where][factoryName]=factoryName200 [33m404[0m 257.752 ms - 28[0m
[0mGET /api/v1/admin/cases/byFactoryName?page=1&limit=5&filter[order][sort]=desc&filter[where][factoryName]=factoryName200 [33m404[0m 248.706 ms - 28[0m
[0mGET /api/v1/admin/cases/byFactoryName?page=1&limit=5&filter[order][sort]=desc&filter[where][factoryName]=Lega [33m404[0m 12.683 ms - 28[0m
[0mGET /api/v1/admin/cases/byFactoryName?page=1&limit=5&filter[order][sort]=desc&filter[where][factoryName]=Lega [33m404[0m 6.352 ms - 28[0m
[0mGET /api/v1/admin/cases/byFactoryName?page=1&limit=5&filter[order][sort]=desc&filter[where][factoryName]=Lega [33m404[0m 241.887 ms - 28[0m
[0mGET /api/v1/admin/cases/byFactoryName?page=1&limit=5&filter[order][sort]=desc&filter[where][factoryName]=Lega [33m404[0m 239.097 ms - 28[0m
[0mGET /api/v1/admin/cases/byFactoryName?page=1&limit=5&filter[order][sort]=desc&filter[where][factoryName]=Lega [31m500[0m 22.157 ms - 41[0m
[0mGET /api/v1/admin/cases/byFactoryName?page=1&limit=5&filter[order][sort]=desc&filter[where][factoryName]=Lega [33m404[0m 243.784 ms - 28[0m
[0mGET /api/v1/admin/cases/byFactoryName?page=1&limit=5&filter[order][sort]=desc&filter[where][factoryName]=Lega [33m404[0m 248.146 ms - 28[0m
[0mGET /api/v1/admin/cases/byFactoryName?page=1&limit=5&filter[order][sort]=desc&filter[where][factoryName]=Lega [33m404[0m 238.759 ms - 28[0m
[0mGET /api/v1/admin/cases/byFactoryName?page=1&limit=5&filter[order][sort]=desc&filter[where][factoryName]=factoryName200 [33m404[0m 7.509 ms - 28[0m
[0mGET /api/v1/admin/cases/byFactoryName?page=1&limit=5&filter[order][sort]=desc&filter[where][factoryName]=factoryName200 [32m200[0m 330.177 ms - 528[0m
[0mGET /api/v1/admin/cases/byFactoryName?page=1&limit=5&filter[order][sort]=desc&filter[where][factoryName]=factoryName20 [33m404[0m 9.621 ms - 28[0m
[0mGET /api/v1/admin/cases/byFactoryName?page=1&limit=5&filter[order][sort]=desc&filter[where][factoryName]=factoryName200 [32m200[0m 23.644 ms - 528[0m
[0mGET /api/v1/admin/factories?page=1&limit=5&filter[order][sort]=desc&filter[where][name]=factoryName200 [33m401[0m 201.606 ms - 12[0m
[0mGET /api/v1/admin/factories?page=1&limit=5&filter[order][sort]=desc&filter[where][name]=factoryName200 [32m200[0m 321.898 ms - 281[0m
[0mPOST //api/v1/admin/settings [33m404[0m 13.935 ms - 162[0m
[0mPOST //api/v1/admin/settings [33m404[0m 9.923 ms - 162[0m
[0mPOST //api/v1/admin/settings [33m404[0m 16.031 ms - 162[0m
[0mPOST /api/v1/admin/settings [33m401[0m 260.671 ms - 12[0m
[0mPOST /api/v1/admin/factories [33m400[0m 49.460 ms - 46[0m
[0mPOST /api/v1/admin/settings [33m401[0m 1.603 ms - 12[0m
[0mPOST /api/v1/admin/settings [31m500[0m 65.043 ms - 41[0m
[0mPOST /api/v1/admin/settings [31m500[0m 45.281 ms - 41[0m
[0mPOST /api/v1/admin/settings [31m500[0m 57.016 ms - 41[0m
[0mPOST /api/v1/admin/users [33m401[0m 363.261 ms - 12[0m
[0mPOST /api/v1/admin/users [32m200[0m 520.589 ms - 524[0m
[0mGET /api/v1/auth/user/login [33m404[0m 118.818 ms - 161[0m
[0mPOST /api/v1/auth/user/login [32m200[0m 1692.279 ms - 919[0m
[0mPOST /api/v1/admin/settings [31m500[0m 146.838 ms - 41[0m
[0mPOST /api/v1/admin/settings [31m500[0m 86.330 ms - 41[0m
[0mPOST /api/v1/admin/settings [32m200[0m 252.050 ms - 273[0m
[0mPOST /api/v1/admin/settings [31m500[0m 57.869 ms - 41[0m
[0mPOST /api/v1/admin/settings [32m200[0m 235.787 ms - 25[0m
[0mPOST /api/v1/admin/settings [32m200[0m 316.361 ms - 25[0m
[0mPOST /api/v1/admin/settings [31m500[0m 15.802 ms - 41[0m
[0mPOST /api/v1/admin/suggestions [31m500[0m 130.159 ms - 100[0m
[0mPOST /api/v1/admin/suggestions [31m500[0m 22.404 ms - 100[0m
[0mPOST /api/v1/auth/user/login [32m200[0m 408.266 ms - 919[0m
[0mPOST /api/v1/admin/suggestions [33m403[0m 16.390 ms - 9[0m
[0mPOST /api/v1/admin/suggestions [33m403[0m 320.871 ms - 9[0m
[0mGET /api/v1/admin/roles [32m200[0m 4.357 ms - 36[0m
[0mPOST /api/v1/admin/roles [32m200[0m 812.480 ms - 819[0m
[0mPOST /api/v1/admin/roles [33m404[0m 10.630 ms - 29[0m
[0mGET /api/v1/admin/roles [32m200[0m 12.408 ms - 48[0m
[0mPOST /api/v1/admin/roles [33m404[0m 407.709 ms - 29[0m
[0mGET /api/v1/admin/roles [32m200[0m 379.067 ms - 48[0m
[0mDELETE /api/v1/admin/roles/%D8%A7%D8%AF%D9%85%DB%8C%D9%86 [32m200[0m 55.364 ms - 13[0m
[0mGET /api/v1/admin/roles [32m200[0m 2.193 ms - 36[0m
[0mGET /api/v1/admin/roles [32m200[0m 5.740 ms - 36[0m
[0mGET /api/v1/admin/roles [32m200[0m 298.803 ms - 48[0m
[0mGET /api/v1/admin/permissions [32m200[0m 111.010 ms - 44[0m
[0mGET /api/v1/admin/permissions [32m200[0m 8.578 ms - 44[0m
[0mPOST /api/v1/admin/suggestions [31m500[0m 156.384 ms - 1796[0m
[0mGET /api/v1/admin/users?page=1&limit=5&filter[order][sort]=desc [33m401[0m 252.139 ms - 12[0m
[0mGET /api/v1/admin/users?page=1&limit=5&filter[order][sort]=desc [32m200[0m 247.892 ms - 2522[0m
[0mPOST /api/v1/auth/user/login [32m200[0m 308.192 ms - 919[0m
[0mPOST /api/v1/admin/suggestions [31m500[0m 34.850 ms - 1796[0m
[0mPOST /api/v1/admin/suggestions [31m500[0m 370.595 ms - 1801[0m
[0mPOST /api/v1/admin/suggestions [33m400[0m 351.587 ms - 46[0m
[0mPOST /api/v1/admin/suggestions [32m200[0m 33.717 ms - 198[0m
[0mPOST /api/v1/auth/user/login [32m200[0m 442.717 ms - 919[0m
[0mPOST /api/v1/auth/user/login [32m200[0m 65.430 ms - 914[0m
[0mPOST /api/v1/auth/user/login [32m200[0m 63.854 ms - 921[0m
[0mGET /api/v1/admin/suggestions [32m200[0m 14.911 ms - 228[0m
[0mGET /api/v1/admin/suggestions [33m401[0m 196.276 ms - 12[0m
[0mGET /api/v1/admin/suggestions [33m401[0m 84.495 ms - 12[0m
[0mGET /api/v1/admin/suggestions [33m401[0m 1.196 ms - 12[0m
[0mGET /api/v1/admin/suggestions [33m401[0m 1.044 ms - 12[0m
[0mGET /api/v1/admin/suggestions [33m401[0m 0.915 ms - 12[0m
[0mGET /api/v1/admin/suggestions [33m401[0m 4.135 ms - 12[0m
[0mGET /api/v1/admin/suggestions [33m401[0m 4.145 ms - 12[0m
[0mGET /api/v1/admin/roles [32m200[0m 2.755 ms - 106[0m
[0mGET /api/v1/admin/permissions [32m200[0m 7.844 ms - 44[0m
[0mGET /api/v1/admin/permissions [32m200[0m 1.274 ms - 44[0m
[0mGET /api/v1/admin/suggestions [33m401[0m 2.424 ms - 12[0m
[0mGET /api/v1/admin/suggestions [33m401[0m 284.249 ms - 12[0m
[0mPOST /api/v1/auth/user/login [32m200[0m 397.033 ms - 921[0m
[0mGET /api/v1/admin/cases [32m200[0m 26.826 ms - 499[0m
[0mGET /api/v1/admin/cases [32m200[0m 6.932 ms - 499[0m
[0mGET /api/v1/admin/cases [32m200[0m 4.532 ms - 499[0m
[0mGET /api/v1/admin/suggestions [33m401[0m 3.640 ms - 12[0m
[0mPOST /api/v1/auth/user/login [32m200[0m 527.083 ms - 919[0m
[0mGET /api/v1/admin/suggestions [32m200[0m 38.534 ms - 228[0m
[0mPOST /api/v1/admin/suggestions [32m200[0m 33.679 ms - 202[0m
[0mGET /api/v1/admin/suggestions [32m200[0m 14.010 ms - 425[0m
[0mPOST /api/v1/admin/suggestions [33m404[0m 516.925 ms - 29[0m
[0mPOST /api/v1/admin/suggestions [32m200[0m 439.098 ms - 196[0m
[0mDELETE /api/v1/admin/suggestions/5 [32m200[0m 206.113 ms - 203[0m
[0mGET /api/v1/admin/dashboard [33m401[0m 207.054 ms - 12[0m
[0mGET /api/v1/admin/dashboard [32m200[0m 235.906 ms - 221[0m
[0mGET /api/v1/admin/dashboard [32m200[0m 687.535 ms - 218[0m
[0mPOST /api/v1/admin/testsandexaminations [33m401[0m 384.692 ms - 12[0m
[0mGET /api/v1/admin/users?page=1&limit=5&filter%5Border%5D%5Bsort%5D=desc [33m401[0m 178.212 ms - 12[0m
[0mPOST /api/v1/auth/user/login [32m200[0m 144.666 ms - 927[0m
[0mGET /api/v1/admin/users?page=1&limit=5&filter[order][sort]=desc [33m403[0m 24.155 ms - 9[0m
[0mGET /api/v1/admin/roles [32m200[0m 3.783 ms - 106[0m
[0mGET /api/v1/admin/roles [32m200[0m 1.928 ms - 106[0m
[0mGET /api/v1/admin/permissions [32m200[0m 2.346 ms - 44[0m
[0mGET /api/v1/admin/permissions [32m200[0m 1.991 ms - 44[0m
[0mGET /api/v1/admin/permissions [32m200[0m 2.259 ms - 44[0m
[0mGET /api/v1/admin/roles [32m200[0m 1.866 ms - 106[0m
[0mGET /api/v1/admin/permissions/my [33m404[0m 4.017 ms - 166[0m
[0mGET /api/v1/admin/permissions [32m200[0m 1.986 ms - 44[0m
[0mGET /api/v1/admin/users?page=1&limit=5&filter[order][sort]=desc [33m401[0m 4.404 ms - 12[0m
[0mGET /api/v1/admin/users?page=1&limit=5&filter[order][sort]=desc [33m401[0m 4.704 ms - 12[0m
[0mGET /api/v1/admin/users?page=1&limit=5&filter[order][sort]=desc [33m401[0m 495.702 ms - 12[0m
[0mGET /api/v1/admin/users?page=1&limit=5&filter[order][sort]=desc [33m401[0m 493.244 ms - 12[0m
[0mGET /api/v1/admin/users?page=1&limit=5&filter[order][sort]=desc [33m401[0m 489.450 ms - 12[0m
[0mGET /api/v1/admin/users?page=1&limit=5&filter[order][sort]=desc [33m401[0m 487.843 ms - 12[0m
[0mGET /api/v1/admin/users?page=1&limit=5&filter[order][sort]=desc [32m200[0m 331.586 ms - 1546[0m
[0mPOST /api/v1/admin/testsandexaminations [33m401[0m 327.944 ms - 12[0m
[0mPOST /api/v1/admin/testsandexaminations [31m500[0m 31.455 ms - 41[0m
[0mPOST /api/v1/admin/testsandexaminations [31m500[0m 26.647 ms - 41[0m
[0mPOST /api/v1/admin/testsandexaminations [33m401[0m 19.747 ms - 17[0m
[0mPOST /api/v1/admin/testsandexaminations [33m401[0m 19.591 ms - 17[0m
[0mPOST /api/v1/admin/testsandexaminations [33m401[0m 258.147 ms - 17[0m
[0mPOST /api/v1/admin/testsandexaminations [33m401[0m 260.167 ms - 17[0m
[0mPOST /api/v1/admin/testsandexaminations [33m401[0m 254.859 ms - 17[0m
[0mPOST /api/v1/admin/testsandexaminations [33m401[0m 275.507 ms - 17[0m
[0mPOST /api/v1/auth/user/login [32m200[0m 446.616 ms - 922[0m
[0mPOST /api/v1/admin/testsandexaminations [32m200[0m 41.205 ms - 287[0m
[0mPOST /api/v1/admin/testsandexaminations [31m500[0m 340.589 ms - 2136[0m
[0mPOST /api/v1/admin/testsandexaminations [31m500[0m 276.894 ms - 41[0m
[0mPOST /api/v1/admin/testsandexaminations [31m500[0m 263.754 ms - 41[0m
[0mPOST /api/v1/admin/testsandexaminations [31m500[0m 260.340 ms - 41[0m
[0mPOST /api/v1/admin/testsandexaminations [31m500[0m 268.122 ms - 41[0m
[0mPOST /api/v1/admin/testsandexaminations [31m500[0m 306.615 ms - 2136[0m
[0mPOST /api/v1/admin/testsandexaminations [33m404[0m 270.224 ms - 28[0m
[0mPOST /api/v1/admin/testsandexaminations [31m500[0m 30.756 ms - 2136[0m
[0mPOST /api/v1/admin/testsandexaminations [31m500[0m 310.258 ms - 2136[0m
[0mPOST /api/v1/admin/testsandexaminations [33m401[0m 270.518 ms - 17[0m
[0mPOST /api/v1/auth/user/login [31m500[0m 16.645 ms - 1566[0m
[0mGET /api/v1/admin/users?page=1&limit=5&filter[order][sort]=desc [33m401[0m 6.254 ms - 17[0m
[0mGET /api/v1/admin/users?page=1&limit=5&filter[order][sort]=desc [31m500[0m 299.248 ms - 1579[0m
[0mGET /api/v1/admin/users?page=1&limit=5&filter[order][sort]=desc [31m500[0m 468.975 ms - 1579[0m
[0mGET /api/v1/admin/users?page=1&limit=5&filter[order][sort]=desc [31m500[0m 435.888 ms - 1579[0m
[0mGET /api/v1/admin/users?page=1&limit=5&filter[order][sort]=desc [31m500[0m 455.544 ms - 1579[0m
[0mGET /api/v1/admin/users?page=1&limit=5&filter[order][sort]=desc [31m500[0m 425.325 ms - 1579[0m
[0mGET /api/v1/admin/users?page=1&limit=5&filter[order][sort]=desc [31m500[0m 410.543 ms - 1579[0m
[0mGET /api/v1/admin/users?page=1&limit=5&filter[order][sort]=desc [31m500[0m 450.981 ms - 1582[0m
[0mGET /api/v1/admin/users?page=1&limit=5&filter[order][sort]=desc [31m500[0m 428.012 ms - 1582[0m
[0mGET /api/v1/admin/users?page=1&limit=5&filter[order][sort]=desc [31m500[0m 408.665 ms - 1582[0m
[0mGET /api/v1/admin/users?page=1&limit=5&filter[order][sort]=desc [31m500[0m 397.830 ms - 1582[0m
[0mGET /api/v1/admin/users?page=1&limit=5&filter[order][sort]=desc [32m200[0m 394.090 ms - 65[0m
[0mGET /api/v1/admin/users?page=1&limit=5&filter[order][sort]=desc [32m200[0m 115.721 ms - 65[0m
[0mGET /api/v1/admin/users?page=1&limit=5&filter[order][sort]=desc [32m200[0m 65.768 ms - 65[0m
[0mGET /api/v1/admin/users?page=1&limit=5&filter[order][sort]=desc [32m200[0m 103.622 ms - 65[0m
[0mPOST /api/v1/admin/testsandexaminations [33m404[0m 27.510 ms - 28[0m
[0mGET /api/v1/admin/users?page=1&limit=5&filter[order][sort]=desc [32m200[0m 72.630 ms - 65[0m
[0mGET /api/v1/admin/users?page=1&limit=5&filter[order][sort]=desc [32m200[0m 77.627 ms - 65[0m
[0mGET /api/v1/admin/users?page=1&limit=5&filter[order][sort]=desc [32m200[0m 62.701 ms - 65[0m
[0mGET /api/v1/admin/users/1 [33m401[0m 284.574 ms - 12[0m
[0mGET /api/v1/admin/users/1 [33m404[0m 234.163 ms - 28[0m
[0mGET /api/v1/admin/users/1 [33m401[0m 409.896 ms - 12[0m
[0mGET /api/v1/admin/users/1 [33m404[0m 229.497 ms - 28[0m
[0mGET /api/v1/admin/users?page=1&limit=5&filter[order][sort]=desc [32m200[0m 136.852 ms - 65[0m
[0mGET /api/v1/admin/personnels?page=1&limit=5&filter[order][sort]=desc [32m200[0m 307.727 ms - 542[0m
[0mGET /api/v1/admin/users?page=1&limit=5&filter%5Border%5D%5Bsort%5D=desc [32m200[0m 428.164 ms - 65[0m
[0mGET /api/v1/admin/users?page=1&limit=5&filter%5Border%5D%5Bsort%5D=desc [32m200[0m 414.287 ms - 65[0m
[0mGET /api/v1/admin/users?page=1&limit=5&filter%5Border%5D%5Bsort%5D=desc [32m200[0m 79.696 ms - 65[0m
[0mGET /api/v1/admin/factories [33m401[0m 329.741 ms - 12[0m
[0mGET /api/v1/admin/factories [32m200[0m 256.135 ms - 247[0m
[0mGET /api/v1/admin/users?page=1&limit=5&filter%5Border%5D%5Bsort%5D=desc [32m200[0m 440.577 ms - 65[0m
[0mGET /api/v1/admin/users?page=1&limit=5&filter%5Border%5D%5Bsort%5D=desc [32m200[0m 92.245 ms - 65[0m
[0mPOST /api/v1/admin/users [33m401[0m 632.004 ms - 12[0m
[0mPOST /api/v1/admin/users [32m200[0m 669.158 ms - 521[0m
[0mPOST /api/v1/auth/user/login [32m200[0m 137.994 ms - 913[0m
[0mPOST /api/v1/auth/user/login [32m200[0m 708.732 ms - 922[0m
[0mGET /api/v1/admin/users?page=1&limit=5&filter%5Border%5D%5Bsort%5D=desc [32m200[0m 271.508 ms - 65[0m
[0mGET /api/v1/admin/users?page=1&limit=5&filter%5Border%5D%5Bsort%5D=desc [32m200[0m 56.128 ms - 65[0m
[0mGET /api/v1/admin/users?page=1&limit=5&filter%5Border%5D%5Bsort%5D=desc [32m200[0m 55.056 ms - 65[0m
[0mGET /api/v1/admin/factories [32m200[0m 157.715 ms - 247[0m
[0mGET /api/v1/admin/users?page=1&limit=5&filter%5Border%5D%5Bsort%5D=desc [32m200[0m 106.245 ms - 65[0m
[0mGET /api/v1/admin/users?page=1&limit=5&filter%5Border%5D%5Bsort%5D=desc [32m200[0m 71.098 ms - 65[0m
[0mGET /api/v1/admin/users?page=1&limit=5&filter%5Border%5D%5Bsort%5D=desc [32m200[0m 55.041 ms - 65[0m
[0mPOST /api/v1/admin/users [32m200[0m 421.296 ms - 521[0m
[0mGET /api/v1/admin/users?page=1&limit=5&filter%5Border%5D%5Bsort%5D=desc [32m200[0m 56.259 ms - 65[0m
[0mGET /api/v1/admin/users?page=1&limit=5&filter%5Border%5D%5Bsort%5D=desc [32m200[0m 54.815 ms - 65[0m
[0mPOST /api/v1/admin/users [32m200[0m 126.316 ms - 521[0m
[0mPOST /api/v1/admin/users [33m404[0m 3.123 ms - 29[0m
[0mGET /api/v1/admin/users?page=1&limit=5&filter%5Border%5D%5Bsort%5D=desc [32m200[0m 96.409 ms - 65[0m
[0mGET /api/v1/admin/users?page=1&limit=5&filter%5Border%5D%5Bsort%5D=desc [32m200[0m 51.521 ms - 65[0m
[0mGET /api/v1/admin/users?page=1&limit=5&filter%5Border%5D%5Bsort%5D=desc [32m200[0m 197.633 ms - 65[0m
[0mPOST /api/v1/admin/users [32m200[0m 254.838 ms - 521[0m
[0mGET /api/v1/admin/users?page=1&limit=5&filter%5Border%5D%5Bsort%5D=desc [32m200[0m 35.267 ms - 553[0m
[0mGET /api/v1/admin/users?page=1&limit=5&filter%5Border%5D%5Bsort%5D=desc [32m200[0m 222.430 ms - 558[0m
[0mGET /api/v1/admin/users?page=1&limit=5&filter%5Border%5D%5Bsort%5D=desc [32m200[0m 212.202 ms - 1054[0m
[0mGET /api/v1/admin/users?page=1&limit=5&filter%5Border%5D%5Bsort%5D=desc [32m200[0m 321.341 ms - 65[0m
[0mGET /api/v1/admin/users?page=1&limit=5&filter%5Border%5D%5Bsort%5D=desc [32m200[0m 255.100 ms - 1054[0m
[0mPOST /api/v1/auth/user/login [32m200[0m 249.903 ms - 922[0m
[0mPOST /api/v1/auth/user/login [32m200[0m 432.404 ms - 922[0m
[0mGET /api/v1/admin/factories/1 [33m404[0m 19.404 ms - 28[0m
[0mGET /api/v1/admin/factories/e3b0c44298fc1c149afbf4c8996fb92427ae41e4649b934ca495991b7852b855 [33m400[0m 7.757 ms - 38[0m
[0mGET /api/v1/admin/factories/2 [32m200[0m 10.727 ms - 245[0m
[0mGET /api/v1/admin/factories/2 [33m401[0m 330.010 ms - 12[0m
[0mPOST /api/v1/auth/user/login [32m200[0m 132.843 ms - 922[0m
[0mGET /api/v1/admin/users/1 [32m200[0m 3.519 ms - 527[0m
[0mGET /api/v1/admin/users?page=1&limit=5&filter%5Border%5D%5Bsort%5D=desc [32m200[0m 80.859 ms - 1054[0m
[0mPOST /api/v1/admin/users [33m404[0m 10.752 ms - 29[0m
[0mGET /api/v1/admin/factories [32m200[0m 4.020 ms - 247[0m
[0mGET /api/v1/admin/factories/2 [33m401[0m 3.245 ms - 12[0m
[0mGET /api/v1/admin/factories [32m200[0m 3.408 ms - 247[0m
[0mGET /api/v1/admin/users?page=1&limit=5&filter[order][sort]=desc [32m200[0m 7.095 ms - 1054[0m
[0mPOST /api/v1/admin/users [32m200[0m 106.860 ms - 523[0m
[0mPOST /api/v1/admin/users [33m404[0m 5.151 ms - 29[0m
[0mGET /api/v1/admin/users/1 [32m200[0m 1.813 ms - 527[0m
[0mPOST /api/v1/admin/testsandexaminations [33m404[0m 2.735 ms - 28[0m
[0mPOST /api/v1/admin/testsandexaminations [31m500[0m 3.218 ms - 41[0m
[0mPOST /api/v1/admin/testsandexaminations [33m401[0m 266.941 ms - 17[0m
[0mPOST /api/v1/auth/user/login [31m500[0m 19.145 ms - 1107[0m
[0mPOST /api/v1/auth/user/login [32m200[0m 281.924 ms - 922[0m
[0mPOST /api/v1/admin/testsandexaminations [33m403[0m 13.758 ms - 9[0m
[0mPOST /api/v1/admin/testsandexaminations [32m200[0m 175.077 ms - 284[0m
[0mPOST /api/v1/auth/user/login [31m500[0m 9.159 ms - 1107[0m
[0mPOST /api/v1/auth/user/login [31m500[0m 152.140 ms - 1107[0m
[0mPOST /api/v1/auth/user/login [31m500[0m 161.834 ms - 1107[0m
[0mPOST /api/v1/auth/user/login [33m400[0m 168.444 ms - 42[0m
[0mPOST /api/v1/auth/user/login [33m400[0m 4.456 ms - 42[0m
[0mPOST /api/v1/auth/user/login [32m200[0m 241.598 ms - 922[0m
[0mPOST /api/v1/admin/testsandexaminations [32m200[0m 37.013 ms - 284[0m
[0mPOST /api/v1/auth/user/login [32m200[0m 625.978 ms - 914[0m
[0mPOST /api/v1/auth/user/login [32m200[0m 417.616 ms - 914[0m
[0mGET /api/v1/admin/users?page=1&limit=5&filter[order][sort]=desc [33m403[0m 23.308 ms - 9[0m
[0mPOST /api/v1/auth/user/login [32m200[0m 83.970 ms - 921[0m
[0mGET /api/v1/admin/users?page=1&limit=5&filter[order][sort]=desc [33m401[0m 5.427 ms - 17[0m
[0mGET /api/v1/admin/users?page=1&limit=5&filter[order][sort]=desc [33m401[0m 2.758 ms - 17[0m
[0mGET /api/v1/admin/users?page=1&limit=5&filter[order][sort]=desc [33m401[0m 158.784 ms - 17[0m
[0mPOST /api/v1/auth/user/login [32m200[0m 463.205 ms - 914[0m
[0mGET /api/v1/admin/users?page=1&limit=5&filter[order][sort]=desc [33m403[0m 20.540 ms - 9[0m
[0mPOST /api/v1/auth/user/login [32m200[0m 84.088 ms - 921[0m
[0mPOST /api/v1/auth/user/login [32m200[0m 401.106 ms - 921[0m
[0mPOST /api/v1/auth/user/login [32m200[0m 391.928 ms - 921[0m
[0mPOST /api/v1/auth/user/login [32m200[0m 86.315 ms - 921[0m
[0mGET /api/v1/admin/users?page=1&limit=5&filter[order][sort]=desc [32m200[0m 119.968 ms - 65[0m
[0mPOST /api/v1/auth/user/login [32m200[0m 723.199 ms - 922[0m
[0mPOST /api/v1/auth/user/login [32m200[0m 870.259 ms - 922[0m
[0mPOST /api/v1/auth/user/login [32m200[0m 234.094 ms - 922[0m
[0mPOST /api/v1/auth/user/login [32m200[0m 192.478 ms - 922[0m
[0mGET /api/v1/admin/users?page=1&limit=5&filter%5Border%5D%5Bsort%5D=desc [31m500[0m 324.434 ms - 41[0m
[0mGET /api/v1/admin/users?page=1&limit=5&filter%5Border%5D%5Bsort%5D=desc [32m200[0m 403.415 ms - 1054[0m
[0mPOST /api/v1/auth/user/login [32m200[0m 1216.760 ms - 922[0m
